Arguments: 
  C:\Program Files\nodejs\node.exe C:\Users\IB\AppData\Roaming\npm\node_modules\yarn\bin\yarn.js add next auth

PATH: 
  C:\Program Files (x86)\VMware\VMware Workstation\bin\;C:\Python311\Scripts\;C:\Python311\;C:\Program Files\Common Files\Oracle\Java\javapath;C:\Windows\system32;C:\Windows;C:\Windows\System32\Wbem;C:\Windows\System32\WindowsPowerShell\v1.0\;C:\Windows\System32\OpenSSH\;C:\Program Files\Java\jdk-20\bin;C:\Program Files\nodejs\;C:\ProgramData\chocolatey\bin;C:\Program Files\MySQL\MySQL Server 8.0\bin;C:\Program Files\nodejs\node_modules\npm\bin;C:\Program Files\JetBrains\IntelliJ IDEA Community Edition 2023.2.1\bin;C:\Program Files\apache-maven-3.9.4\bin;C:\Program Files\Docker\Docker\resources\bin;C:\Program Files\Git\cmd;C:\Program Files\MySQL\MySQL Shell 8.0\bin\;C:\Users\IB\AppData\Local\Microsoft\WindowsApps;;C:\Program Files\JetBrains\IntelliJ IDEA Community Edition 2023.2.1\bin;;C:\Users\IB\AppData\Roaming\npm;C:\Users\IB\AppData\Local\Programs\Microsoft VS Code\bin

Yarn version: 
  1.22.19

Node version: 
  18.17.1

Platform: 
  win32 x64

Trace: 
  Error: EPERM: operation not permitted, unlink 'C:\Users\IB\Documents\stageProjet\test\node_modules\@next\swc-win32-x64-msvc\next-swc.win32-x64-msvc.node'

npm manifest: 
  {
    "name": "test",
    "version": "0.1.0",
    "private": true,
    "scripts": {
      "dev": "next dev",
      "build": "next build",
      "start": "next start",
      "lint": "next lint"
    },
    "dependencies": {
      "autoprefixer": "^10.4.15",
      "eslint": "8.49.0",
      "eslint-config-next": "13.4.19",
      "next": "13.4.19",
      "postcss": "^8.4.29",
      "react": "18.2.0",
      "react-dom": "18.2.0",
      "tailwindcss": "^3.3.3"
    }
  }

yarn manifest: 
  No manifest

Lockfile: 
  No lockfile
